[01m[K/home/ubuntu/chapt3/topic_ws/src/demo_cpp_topic/src/turtle_circle.cpp:[m[K In constructor â€˜[01m[KTurtleCircle::[01;32m[KTurtleCircle[m[K(const std::string&)[m[Kâ€™:
[01m[K/home/ubuntu/chapt3/topic_ws/src/demo_cpp_topic/src/turtle_circle.cpp:18:72:[m[K [01;31m[Kerror: [m[Kinvalid use of non-static member function â€˜[01m[Kvoid TurtleCircle::[01;32m[Ktimer_callback[m[K()[m[Kâ€™
   18 |         timer = this->create_wall_timer(1000ms,std::bind([01;31m[KTurtleCircle::timer_callback[m[K,this));
      |                                                          [01;31m[K~~~~~~~~~~~~~~^~~~~~~~~~~~~~[m[K
[01m[K/home/ubuntu/chapt3/topic_ws/src/demo_cpp_topic/src/turtle_circle.cpp:21:10:[m[K [01;36m[Knote: [m[Kdeclared here
   21 |     void [01;36m[Ktimer_callback[m[K()
      |          [01;36m[K^~~~~~~~~~~~~~[m[K
gmake[2]: *** [CMakeFiles/turtle_cricle.dir/build.make:76ï¼šCMakeFiles/turtle_cricle.dir/src/turtle_circle.cpp.o] é”™è¯¯ 1
gmake[1]: *** [CMakeFiles/Makefile2:137ï¼šCMakeFiles/turtle_cricle.dir/all] é”™è¯¯ 2
gmake: *** [Makefile:146ï¼šall] é”™è¯¯ 2
