[ 50%] [32mBuilding CXX object CMakeFiles/hello_qt.dir/src/hello_qt.cpp.o[0m
[01m[K/home/ubuntu/chapt3/topic_practice_ws/src/status_display/src/hello_qt.cpp:[m[K In function â€˜[01m[Kint[01;32m[K main[m[K(int, char**)[m[Kâ€™:
[01m[K/home/ubuntu/chapt3/topic_practice_ws/src/status_display/src/hello_qt.cpp:7:21:[m[K [01;31m[Kerror: [m[Kcannot convert â€˜[01m[KQLabel[m[Kâ€™ to â€˜[01m[KQLabel*[m[Kâ€™ in initialization
    7 |     QLabel* label = [01;31m[KQLabel()[m[K;
      |                     [01;31m[K^~~~~~~~[m[K
      |                     [01;31m[K|[m[K
      |                     [01;31m[KQLabel[m[K
[01m[K/home/ubuntu/chapt3/topic_practice_ws/src/status_display/src/hello_qt.cpp:8:32:[m[K [01;31m[Kerror: [m[Kâ€˜[01m[Kstdstring[m[Kâ€™ is not a member of â€˜[01m[KQString[m[Kâ€™
    8 |     QString message = QString::[01;31m[Kstdstring[m[K("Hello QT!");
      |                                [01;31m[K^~~~~~~~~[m[K
[01m[K/home/ubuntu/chapt3/topic_practice_ws/src/status_display/src/hello_qt.cpp:9:20:[m[K [01;31m[Kerror: [m[Kâ€˜[01m[Kmesssage[m[Kâ€™ was not declared in this scope; did you mean â€˜[01m[Kmessage[m[Kâ€™?
    9 |     label->setText([01;31m[Kmesssage[m[K);
      |                    [01;31m[K^~~~~~~~[m[K
      |                    [32m[Kmessage[m[K
gmake[2]: *** [CMakeFiles/hello_qt.dir/build.make:76ï¼šCMakeFiles/hello_qt.dir/src/hello_qt.cpp.o] é”™è¯¯ 1
gmake[1]: *** [CMakeFiles/Makefile2:137ï¼šCMakeFiles/hello_qt.dir/all] é”™è¯¯ 2
gmake: *** [Makefile:146ï¼šall] é”™è¯¯ 2
