[01m[K/home/ubuntu/chapt3/topic_ws/src/demo_cpp_topic/src/turtle_control.cpp:[m[K In constructor â€˜[01m[KTurtleControl::[01;32m[KTurtleControl[m[K(const std::string&)[m[Kâ€™:
[01m[K/home/ubuntu/chapt3/topic_ws/src/demo_cpp_topic/src/turtle_control.cpp:22:34:[m[K [01;31m[Kerror: [m[Kinvalid use of non-static member function â€˜[01m[Kvoid TurtleControl::[01;32m[Kon_pose_recieved[m[K(turtlesim::msg::Pose_<std::allocator<void> >::SharedPtr)[m[Kâ€™
   22 |         std::bind([01;31m[KTurtleControl::on_pose_recieved[m[K,this,std::placeholders::_1));
      |                   [01;31m[K~~~~~~~~~~~~~~~^~~~~~~~~~~~~~~~[m[K
[01m[K/home/ubuntu/chapt3/topic_ws/src/demo_cpp_topic/src/turtle_control.cpp:26:10:[m[K [01;36m[Knote: [m[Kdeclared here
   26 |     void [01;36m[Kon_pose_recieved[m[K(const turtlesim::msg::Pose::SharedPtr Pose)
      |          [01;36m[K^~~~~~~~~~~~~~~~[m[K
gmake[2]: *** [CMakeFiles/turtle_control.dir/build.make:76ï¼šCMakeFiles/turtle_control.dir/src/turtle_control.cpp.o] é”™è¯¯ 1
gmake[1]: *** [CMakeFiles/Makefile2:165ï¼šCMakeFiles/turtle_control.dir/all] é”™è¯¯ 2
gmake[1]: *** æ­£åœ¨ç­‰å¾…æœªå®Œæˆçš„ä»»åŠ¡....
gmake: *** [Makefile:146ï¼šall] é”™è¯¯ 2
